<?xml version="1.0" encoding="UTF-8" ?>
<testsuite tests="1" failures="1" name="MainTest" time="1.413" errors="0" skipped="0">
  <properties>
[...]
</properties>
  <testcase classname="MainTest" name="testPrice" time="1.413">
    <failure message="The driver executable is a directory: c:\Users\Оля" type="java.lang.IllegalStateException">java.lang.IllegalStateException: The driver executable is a directory: c:\Users\Оля
	at com.google.common.base.Preconditions.checkState(Preconditions.java:585)
	at org.openqa.selenium.remote.service.DriverService.checkExecutable(DriverService.java:148)
	at org.openqa.selenium.remote.service.DriverService.findExecutable(DriverService.java:141)
	at org.openqa.selenium.chrome.ChromeDriverService.access$000(ChromeDriverService.java:35)
	at org.openqa.selenium.chrome.ChromeDriverService$Builder.findDefaultExecutable(ChromeDriverService.java:159)
	at org.openqa.selenium.remote.service.DriverService$Builder.build(DriverService.java:355)
	at org.openqa.selenium.chrome.ChromeDriverService.createDefaultService(ChromeDriverService.java:94)
	at org.openqa.selenium.chrome.ChromeDriver.&lt;init&gt;(ChromeDriver.java:123)
	at MainTest.testPrice(MainTest.java:14)
</failure>
    <system-out>Configuring TestNG with: org.apache.maven.surefire.testng.conf.TestNG652Configurator@56aac163
</system-out>
  </testcase>
</testsuite>