<?xml version="1.0" encoding="UTF-8"?>
<!-- Generated by org.testng.reporters.JUnitXMLReporter -->
<testsuite ignored="0" hostname="Оля-ПК" failures="1" tests="1" name="Command line test" time="1.72" errors="0" timestamp="2021-10-17T21:25:48 EEST">
  <testcase classname="MainTest" name="testPrice" time="1.293">
    <failure type="java.lang.IllegalStateException" message="The driver executable is a directory: c:\Users\Оля">
      <![CDATA[java.lang.IllegalStateException: The driver executable is a directory: c:\Users\Оля
at com.google.common.base.Preconditions.checkState(Preconditions.java:585)
at org.openqa.selenium.remote.service.DriverService.checkExecutable(DriverService.java:148)
at org.openqa.selenium.remote.service.DriverService.findExecutable(DriverService.java:141)
at org.openqa.selenium.chrome.ChromeDriverService.access$000(ChromeDriverService.java:35)
at org.openqa.selenium.chrome.ChromeDriverService$Builder.findDefaultExecutable(ChromeDriverService.java:159)
at org.openqa.selenium.remote.service.DriverService$Builder.build(DriverService.java:355)
at org.openqa.selenium.chrome.ChromeDriverService.createDefaultService(ChromeDriverService.java:94)
at org.openqa.selenium.chrome.ChromeDriver.<init>(ChromeDriver.java:123)
at MainTest.testPrice(MainTest.java:14)
at java.base/java.util.ArrayList.forEach(ArrayList.java:1541)
... Removed 36 stack frames]]>
    </failure>
  </testcase> <!-- testPrice -->
</testsuite> <!-- Command line test -->
